SF:/Users/tsaimengche/Documents/WorldFamily/WorldFamily.User/src/WorldFamily.User.Service/Program.cs
FN:8,System.Void WorldFamily.User.Service.Program::Main(System.String[])
FNDA:0,System.Void WorldFamily.User.Service.Program::Main(System.String[])
DA:9,0
DA:10,0
DA:11,0
FN:13,Microsoft.Extensions.Hosting.IHostBuilder WorldFamily.User.Service.Program::CreateHostBuilder(System.String[])
FNDA:0,Microsoft.Extensions.Hosting.IHostBuilder WorldFamily.User.Service.Program::CreateHostBuilder(System.String[])
DA:14,0
DA:15,0
DA:16,0
DA:17,0
DA:18,0
LF:8
LH:0
BRF:0
BRH:0
FNF:2
FNH:0
end_of_record
SF:/Users/tsaimengche/Documents/WorldFamily/WorldFamily.User/src/WorldFamily.User.Service/Startup.cs
FN:19,Microsoft.Extensions.Configuration.IConfiguration WorldFamily.User.Service.Startup::get_Configuration()
FNDA:0,Microsoft.Extensions.Configuration.IConfiguration WorldFamily.User.Service.Startup::get_Configuration()
DA:20,0
FN:23,System.Void WorldFamily.User.Service.Startup::ConfigureServices(Microsoft.Extensions.DependencyInjection.IServiceCollection)
FNDA:0,System.Void WorldFamily.User.Service.Startup::ConfigureServices(Microsoft.Extensions.DependencyInjection.IServiceCollection)
DA:24,0
DA:25,0
DA:26,0
DA:28,0
DA:29,0
DA:30,0
DA:31,0
DA:32,0
DA:33,0
DA:34,0
FN:37,System.Void WorldFamily.User.Service.Startup::Configure(Microsoft.AspNetCore.Builder.IApplicationBuilder,Microsoft.AspNetCore.Hosting.IWebHostEnvironment)
FNDA:0,System.Void WorldFamily.User.Service.Startup::Configure(Microsoft.AspNetCore.Builder.IApplicationBuilder,Microsoft.AspNetCore.Hosting.IWebHostEnvironment)
DA:38,0
DA:39,0
DA:40,0
DA:41,0
DA:42,0
DA:43,0
DA:44,0
DA:46,0
DA:48,0
DA:50,0
DA:52,0
DA:53,0
DA:54,0
DA:55,0
DA:56,0
BRDA:39,9,0,0
BRDA:39,9,1,0
FN:14,System.Void WorldFamily.User.Service.Startup::.ctor(Microsoft.Extensions.Configuration.IConfiguration)
FNDA:0,System.Void WorldFamily.User.Service.Startup::.ctor(Microsoft.Extensions.Configuration.IConfiguration)
DA:15,0
DA:16,0
DA:17,0
DA:18,0
LF:30
LH:0
BRF:2
BRH:0
FNF:4
FNH:0
end_of_record
SF:/Users/tsaimengche/Documents/WorldFamily/WorldFamily.User/src/WorldFamily.User.Service/Services/UserService.cs
FN:18,WorldFamily.User.Service.Dtos.AccountDetailDto WorldFamily.User.Service.Services.UserService::GetAccountDetailsByPhoneAndRegion(System.String,System.String)
FNDA:9,WorldFamily.User.Service.Dtos.AccountDetailDto WorldFamily.User.Service.Services.UserService::GetAccountDetailsByPhoneAndRegion(System.String,System.String)
DA:19,9
DA:20,9
DA:22,9
DA:23,1
DA:24,1
DA:27,8
DA:29,8
DA:30,8
DA:31,8
DA:32,8
DA:34,8
DA:36,8
DA:37,9
BRDA:22,140,0,1
BRDA:22,140,1,8
FN:12,System.Void WorldFamily.User.Service.Services.UserService::.ctor(WorldFamily.User.Service.Data.WorldFamilyDbContext)
FNDA:9,System.Void WorldFamily.User.Service.Services.UserService::.ctor(WorldFamily.User.Service.Data.WorldFamilyDbContext)
DA:13,9
DA:14,9
DA:15,9
DA:16,9
LF:17
LH:17
BRF:2
BRH:2
FNF:2
FNH:2
end_of_record
SF:/Users/tsaimengche/Documents/WorldFamily/WorldFamily.User/src/WorldFamily.User.Service/Entities/Customer.cs
FN:19,System.String WorldFamily.User.Service.Entities.Customer::get_MemberNO()
FNDA:99,System.String WorldFamily.User.Service.Entities.Customer::get_MemberNO()
DA:20,99
FN:22,System.String WorldFamily.User.Service.Entities.Customer::get_ContractNo()
FNDA:106,System.String WorldFamily.User.Service.Entities.Customer::get_ContractNo()
DA:23,106
FN:24,System.DateTime WorldFamily.User.Service.Entities.Customer::get_SignDate()
FNDA:99,System.DateTime WorldFamily.User.Service.Entities.Customer::get_SignDate()
DA:25,99
FN:26,System.String WorldFamily.User.Service.Entities.Customer::get_ContractStatus()
FNDA:119,System.String WorldFamily.User.Service.Entities.Customer::get_ContractStatus()
DA:27,119
FN:28,System.String WorldFamily.User.Service.Entities.Customer::get_PhoneNo()
FNDA:245,System.String WorldFamily.User.Service.Entities.Customer::get_PhoneNo()
DA:29,245
FN:30,System.String WorldFamily.User.Service.Entities.Customer::get_DWEPackage()
FNDA:99,System.String WorldFamily.User.Service.Entities.Customer::get_DWEPackage()
DA:31,99
FN:7,System.Void WorldFamily.User.Service.Entities.Customer::.ctor()
FNDA:0,System.Void WorldFamily.User.Service.Entities.Customer::.ctor()
DA:8,0
FN:9,System.Void WorldFamily.User.Service.Entities.Customer::.ctor(System.String,System.String,System.DateTime,System.String,System.String,System.String)
FNDA:99,System.Void WorldFamily.User.Service.Entities.Customer::.ctor(System.String,System.String,System.DateTime,System.String,System.String,System.String)
DA:10,99
DA:11,99
DA:12,99
DA:13,99
DA:14,99
DA:15,99
DA:16,99
DA:17,99
DA:18,99
LF:16
LH:15
BRF:0
BRH:0
FNF:8
FNH:7
end_of_record
SF:/Users/tsaimengche/Documents/WorldFamily/WorldFamily.User/src/WorldFamily.User.Service/Entities/Member.cs
FN:20,System.String WorldFamily.User.Service.Entities.Member::get_MemberNO()
FNDA:80,System.String WorldFamily.User.Service.Entities.Member::get_MemberNO()
DA:21,80
FN:22,System.DateTime WorldFamily.User.Service.Entities.Member::get_JoinDate()
FNDA:72,System.DateTime WorldFamily.User.Service.Entities.Member::get_JoinDate()
DA:23,72
FN:24,System.DateTime WorldFamily.User.Service.Entities.Member::get_ExpiredDate()
FNDA:80,System.DateTime WorldFamily.User.Service.Entities.Member::get_ExpiredDate()
DA:25,80
FN:26,System.String WorldFamily.User.Service.Entities.Member::get_MemberStatus()
FNDA:80,System.String WorldFamily.User.Service.Entities.Member::get_MemberStatus()
DA:27,80
FN:28,System.String WorldFamily.User.Service.Entities.Member::get_PhoneNo()
FNDA:144,System.String WorldFamily.User.Service.Entities.Member::get_PhoneNo()
DA:29,144
FN:30,System.String WorldFamily.User.Service.Entities.Member::get_DWEPackage()
FNDA:72,System.String WorldFamily.User.Service.Entities.Member::get_DWEPackage()
DA:31,72
FN:7,System.Void WorldFamily.User.Service.Entities.Member::.ctor()
FNDA:0,System.Void WorldFamily.User.Service.Entities.Member::.ctor()
DA:8,0
FN:9,System.Void WorldFamily.User.Service.Entities.Member::.ctor(System.String,System.DateTime,System.DateTime,System.String,System.String,System.String)
FNDA:72,System.Void WorldFamily.User.Service.Entities.Member::.ctor(System.String,System.DateTime,System.DateTime,System.String,System.String,System.String)
DA:10,72
DA:11,72
DA:12,72
DA:13,72
DA:14,72
DA:15,72
DA:16,72
DA:17,72
DA:18,72
LF:16
LH:15
BRF:0
BRH:0
FNF:8
FNH:7
end_of_record
SF:/Users/tsaimengche/Documents/WorldFamily/WorldFamily.User/src/WorldFamily.User.Service/Dtos/MemberDto.cs
FN:5,System.String WorldFamily.User.Service.Dtos.AccountDetailDto::get_PhoneNumber()
FNDA:296,System.String WorldFamily.User.Service.Dtos.AccountDetailDto::get_PhoneNumber()
DA:6,296
LF:1
LH:1
BRF:0
BRH:0
FNF:1
FNH:1
end_of_record
SF:/Users/tsaimengche/Documents/WorldFamily/WorldFamily.User/src/WorldFamily.User.Service/Data/WorldFamilyContext.cs
FN:11,Microsoft.EntityFrameworkCore.DbSet`1<WorldFamily.User.Service.Entities.Customer> WorldFamily.User.Service.Data.WorldFamilyDbContext::get_Customers()
FNDA:0,Microsoft.EntityFrameworkCore.DbSet`1<WorldFamily.User.Service.Entities.Customer> WorldFamily.User.Service.Data.WorldFamilyDbContext::get_Customers()
DA:12,0
FN:12,Microsoft.EntityFrameworkCore.DbSet`1<WorldFamily.User.Service.Entities.Member> WorldFamily.User.Service.Data.WorldFamilyDbContext::get_Members()
FNDA:0,Microsoft.EntityFrameworkCore.DbSet`1<WorldFamily.User.Service.Entities.Member> WorldFamily.User.Service.Data.WorldFamilyDbContext::get_Members()
DA:13,0
FN:7,System.Void WorldFamily.User.Service.Data.WorldFamilyDbContext::.ctor()
FNDA:27,System.Void WorldFamily.User.Service.Data.WorldFamilyDbContext::.ctor()
DA:8,27
FN:9,System.Void WorldFamily.User.Service.Data.WorldFamilyDbContext::.ctor(Microsoft.EntityFrameworkCore.DbContextOptions`1<WorldFamily.User.Service.Data.WorldFamilyDbContext>)
FNDA:0,System.Void WorldFamily.User.Service.Data.WorldFamilyDbContext::.ctor(Microsoft.EntityFrameworkCore.DbContextOptions`1<WorldFamily.User.Service.Data.WorldFamilyDbContext>)
DA:10,0
LF:4
LH:1
BRF:0
BRH:0
FNF:4
FNH:1
end_of_record
SF:/Users/tsaimengche/Documents/WorldFamily/WorldFamily.User/src/WorldFamily.User.Service/Controllers/UserController.cs
FN:22,Microsoft.AspNetCore.Mvc.ActionResult`1<WorldFamily.User.Service.Dtos.AccountDetailDto> WorldFamily.User.Service.Controllers.UserController::GetAccountDetailsByPhoneAndRegion(System.String,System.String)
FNDA:0,Microsoft.AspNetCore.Mvc.ActionResult`1<WorldFamily.User.Service.Dtos.AccountDetailDto> WorldFamily.User.Service.Controllers.UserController::GetAccountDetailsByPhoneAndRegion(System.String,System.String)
DA:23,0
DA:24,0
DA:25,0
DA:26,0
DA:27,0
DA:29,0
DA:30,0
BRDA:25,24,0,0
BRDA:25,24,1,0
FN:14,System.Void WorldFamily.User.Service.Controllers.UserController::.ctor(WorldFamily.User.Service.Services.IUserService)
FNDA:0,System.Void WorldFamily.User.Service.Controllers.UserController::.ctor(WorldFamily.User.Service.Services.IUserService)
DA:15,0
DA:16,0
DA:17,0
DA:18,0
LF:11
LH:0
BRF:2
BRH:0
FNF:2
FNH:0
end_of_record